2025-01-25T16:32:05.547+03:00  INFO 11696 --- [main] c.e.d.DataProcessorApplication           : Starting DataProcessorApplication using Java 17.0.9 with PID 11696 (C:\Users\orlin\Data Processor component\data-processor\target\classes started by orlin in C:\Users\orlin\Data Processor component\data-processor)
2025-01-25T16:32:05.548+03:00 DEBUG 11696 --- [main] c.e.d.DataProcessorApplication           : Running with Spring Boot v3.4.2, Spring v6.2.2
2025-01-25T16:32:05.549+03:00  INFO 11696 --- [main] c.e.d.DataProcessorApplication           : No active profile set, falling back to 1 default profile: "default"
2025-01-25T16:32:05.864+03:00  INFO 11696 --- [main] .s.d.r.c.RepositoryConfigurationDelegate : Bootstrapping Spring Data JPA repositories in DEFAULT mode.
2025-01-25T16:32:05.890+03:00  INFO 11696 --- [main] .s.d.r.c.RepositoryConfigurationDelegate : Finished Spring Data repository scanning in 22 ms. Found 1 JPA repository interface.
2025-01-25T16:32:06.130+03:00  INFO 11696 --- [main] o.s.b.w.embedded.tomcat.TomcatWebServer  : Tomcat initialized with port 8080 (http)
2025-01-25T16:32:06.136+03:00  INFO 11696 --- [main] o.apache.catalina.core.StandardService   : Starting service [Tomcat]
2025-01-25T16:32:06.137+03:00  INFO 11696 --- [main] o.apache.catalina.core.StandardEngine    : Starting Servlet engine: [Apache Tomcat/10.1.34]
2025-01-25T16:32:06.165+03:00  INFO 11696 --- [main] o.a.c.c.C.[Tomcat].[localhost].[/api]    : Initializing Spring embedded WebApplicationContext
2025-01-25T16:32:06.165+03:00  INFO 11696 --- [main] w.s.c.ServletWebServerApplicationContext : Root WebApplicationContext: initialization completed in 594 ms
2025-01-25T16:32:06.213+03:00  INFO 11696 --- [main] com.zaxxer.hikari.HikariDataSource       : HikariPool-1 - Starting...
2025-01-25T16:32:06.290+03:00  INFO 11696 --- [main] com.zaxxer.hikari.pool.HikariPool        : HikariPool-1 - Added connection com.mysql.cj.jdbc.ConnectionImpl@6b0f266e
2025-01-25T16:32:06.292+03:00  INFO 11696 --- [main] com.zaxxer.hikari.HikariDataSource       : HikariPool-1 - Start completed.
2025-01-25T16:32:06.328+03:00  INFO 11696 --- [main] o.hibernate.jpa.internal.util.LogHelper  : HHH000204: Processing PersistenceUnitInfo [name: default]
2025-01-25T16:32:06.358+03:00  INFO 11696 --- [main] org.hibernate.Version                    : HHH000412: Hibernate ORM core version 6.6.5.Final
2025-01-25T16:32:06.376+03:00  INFO 11696 --- [main] o.h.c.internal.RegionFactoryInitiator    : HHH000026: Second-level cache disabled
2025-01-25T16:32:06.519+03:00  INFO 11696 --- [main] o.s.o.j.p.SpringPersistenceUnitInfo      : No LoadTimeWeaver setup: ignoring JPA class transformer
2025-01-25T16:32:06.570+03:00  INFO 11696 --- [main] org.hibernate.orm.connections.pooling    : HHH10001005: Database info:
	Database JDBC URL [Connecting through datasource 'HikariDataSource (HikariPool-1)']
	Database driver: undefined/unknown
	Database version: 8.0.41
	Autocommit mode: undefined/unknown
	Isolation level: undefined/unknown
	Minimum pool size: undefined/unknown
	Maximum pool size: undefined/unknown
2025-01-25T16:32:06.983+03:00  INFO 11696 --- [main] o.h.e.t.j.p.i.JtaPlatformInitiator       : HHH000489: No JTA platform available (set 'hibernate.transaction.jta.platform' to enable JTA platform integration)
2025-01-25T16:32:07.006+03:00  INFO 11696 --- [main] j.LocalContainerEntityManagerFactoryBean : Initialized JPA EntityManagerFactory for persistence unit 'default'
2025-01-25T16:32:07.140+03:00  WARN 11696 --- [main] JpaBaseConfiguration$JpaWebConfiguration : spring.jpa.open-in-view is enabled by default. Therefore, database queries may be performed during view rendering. Explicitly configure spring.jpa.open-in-view to disable this warning
2025-01-25T16:32:07.470+03:00  INFO 11696 --- [main] o.s.b.w.embedded.tomcat.TomcatWebServer  : Tomcat started on port 8080 (http) with context path '/api'
2025-01-25T16:32:07.475+03:00  INFO 11696 --- [main] c.e.d.DataProcessorApplication           : Started DataProcessorApplication in 2.185 seconds (process running for 2.597)
2025-01-25T16:32:07.477+03:00  INFO 11696 --- [scheduling-1] c.e.data_processor.service.DLQConsumer   : Starting cleanup of DLQ files in: C:/Users/orlin/Data Processor component/data/dlq
2025-01-25T16:32:07.477+03:00  INFO 11696 --- [scheduling-1] c.e.data_processor.service.DLQConsumer   : DLQ cleanup completed.
2025-01-25T16:32:07.477+03:00  INFO 11696 --- [main] o.s.b.a.b.JobLauncherApplicationRunner   : Running default command line with: []
2025-01-25T16:32:07.478+03:00  INFO 11696 --- [scheduling-1] c.e.d.service.DataProcessorService       : Starting cleanup of DLQ files in: C:/Users/orlin/Data Processor component/data/dlq
2025-01-25T16:32:07.478+03:00  INFO 11696 --- [scheduling-1] c.e.d.service.DataProcessorService       : DLQ cleanup completed.
2025-01-25T16:32:07.478+03:00  INFO 11696 --- [scheduling-1] c.e.d.service.DataProcessorService       : Starting cleanup of temporary files in: C:/Users/orlin/Data Processor component/TempDataLogProcess
2025-01-25T16:32:07.478+03:00  INFO 11696 --- [scheduling-1] c.e.d.service.DataProcessorService       : Cleanup completed.
2025-01-25T16:33:02.432+03:00  INFO 11696 --- [http-nio-8080-exec-1] o.a.c.c.C.[Tomcat].[localhost].[/api]    : Initializing Spring DispatcherServlet 'dispatcherServlet'
2025-01-25T16:33:02.432+03:00  INFO 11696 --- [http-nio-8080-exec-1] o.s.web.servlet.DispatcherServlet        : Initializing Servlet 'dispatcherServlet'
2025-01-25T16:33:02.432+03:00  INFO 11696 --- [http-nio-8080-exec-1] o.s.web.servlet.DispatcherServlet        : Completed initialization in 0 ms
2025-01-25T16:33:59.894+03:00  INFO 11696 --- [SpringApplicationShutdownHook] o.s.b.w.e.tomcat.GracefulShutdown        : Commencing graceful shutdown. Waiting for active requests to complete
2025-01-25T16:33:59.928+03:00  INFO 11696 --- [tomcat-shutdown] o.s.b.w.e.tomcat.GracefulShutdown        : Graceful shutdown complete
2025-01-25T16:33:59.932+03:00  INFO 11696 --- [SpringApplicationShutdownHook] j.LocalContainerEntityManagerFactoryBean : Closing JPA EntityManagerFactory for persistence unit 'default'
2025-01-25T16:33:59.933+03:00  INFO 11696 --- [SpringApplicationShutdownHook] com.zaxxer.hikari.HikariDataSource       : HikariPool-1 - Shutdown initiated...
2025-01-25T16:33:59.935+03:00  INFO 11696 --- [SpringApplicationShutdownHook] com.zaxxer.hikari.HikariDataSource       : HikariPool-1 - Shutdown completed.
2025-01-25T16:34:01.246+03:00  INFO 22600 --- [main] c.e.d.DataProcessorApplication           : Starting DataProcessorApplication using Java 17.0.9 with PID 22600 (C:\Users\orlin\Data Processor component\data-processor\target\classes started by orlin in C:\Users\orlin\Data Processor component\data-processor)
2025-01-25T16:34:01.247+03:00 DEBUG 22600 --- [main] c.e.d.DataProcessorApplication           : Running with Spring Boot v3.4.2, Spring v6.2.2
2025-01-25T16:34:01.247+03:00  INFO 22600 --- [main] c.e.d.DataProcessorApplication           : No active profile set, falling back to 1 default profile: "default"
2025-01-25T16:34:01.580+03:00  INFO 22600 --- [main] .s.d.r.c.RepositoryConfigurationDelegate : Bootstrapping Spring Data JPA repositories in DEFAULT mode.
2025-01-25T16:34:01.607+03:00  INFO 22600 --- [main] .s.d.r.c.RepositoryConfigurationDelegate : Finished Spring Data repository scanning in 22 ms. Found 1 JPA repository interface.
2025-01-25T16:34:01.852+03:00  INFO 22600 --- [main] o.s.b.w.embedded.tomcat.TomcatWebServer  : Tomcat initialized with port 8080 (http)
2025-01-25T16:34:01.860+03:00  INFO 22600 --- [main] o.apache.catalina.core.StandardService   : Starting service [Tomcat]
2025-01-25T16:34:01.860+03:00  INFO 22600 --- [main] o.apache.catalina.core.StandardEngine    : Starting Servlet engine: [Apache Tomcat/10.1.34]
2025-01-25T16:34:01.888+03:00  INFO 22600 --- [main] o.a.c.c.C.[Tomcat].[localhost].[/]       : Initializing Spring embedded WebApplicationContext
2025-01-25T16:34:01.888+03:00  INFO 22600 --- [main] w.s.c.ServletWebServerApplicationContext : Root WebApplicationContext: initialization completed in 616 ms
2025-01-25T16:34:01.934+03:00  INFO 22600 --- [main] com.zaxxer.hikari.HikariDataSource       : HikariPool-1 - Starting...
2025-01-25T16:34:02.008+03:00  INFO 22600 --- [main] com.zaxxer.hikari.pool.HikariPool        : HikariPool-1 - Added connection com.mysql.cj.jdbc.ConnectionImpl@6b0f266e
2025-01-25T16:34:02.009+03:00  INFO 22600 --- [main] com.zaxxer.hikari.HikariDataSource       : HikariPool-1 - Start completed.
2025-01-25T16:34:02.045+03:00  INFO 22600 --- [main] o.hibernate.jpa.internal.util.LogHelper  : HHH000204: Processing PersistenceUnitInfo [name: default]
2025-01-25T16:34:02.074+03:00  INFO 22600 --- [main] org.hibernate.Version                    : HHH000412: Hibernate ORM core version 6.6.5.Final
2025-01-25T16:34:02.092+03:00  INFO 22600 --- [main] o.h.c.internal.RegionFactoryInitiator    : HHH000026: Second-level cache disabled
2025-01-25T16:34:02.235+03:00  INFO 22600 --- [main] o.s.o.j.p.SpringPersistenceUnitInfo      : No LoadTimeWeaver setup: ignoring JPA class transformer
2025-01-25T16:34:02.290+03:00  INFO 22600 --- [main] org.hibernate.orm.connections.pooling    : HHH10001005: Database info:
	Database JDBC URL [Connecting through datasource 'HikariDataSource (HikariPool-1)']
	Database driver: undefined/unknown
	Database version: 8.0.41
	Autocommit mode: undefined/unknown
	Isolation level: undefined/unknown
	Minimum pool size: undefined/unknown
	Maximum pool size: undefined/unknown
2025-01-25T16:34:02.721+03:00  INFO 22600 --- [main] o.h.e.t.j.p.i.JtaPlatformInitiator       : HHH000489: No JTA platform available (set 'hibernate.transaction.jta.platform' to enable JTA platform integration)
2025-01-25T16:34:02.746+03:00  INFO 22600 --- [main] j.LocalContainerEntityManagerFactoryBean : Initialized JPA EntityManagerFactory for persistence unit 'default'
2025-01-25T16:34:02.884+03:00  WARN 22600 --- [main] JpaBaseConfiguration$JpaWebConfiguration : spring.jpa.open-in-view is enabled by default. Therefore, database queries may be performed during view rendering. Explicitly configure spring.jpa.open-in-view to disable this warning
2025-01-25T16:34:03.226+03:00  INFO 22600 --- [main] o.s.b.w.embedded.tomcat.TomcatWebServer  : Tomcat started on port 8080 (http) with context path '/'
2025-01-25T16:34:03.232+03:00  INFO 22600 --- [main] c.e.d.DataProcessorApplication           : Started DataProcessorApplication in 2.226 seconds (process running for 2.565)
2025-01-25T16:34:03.232+03:00  INFO 22600 --- [scheduling-1] c.e.data_processor.service.DLQConsumer   : Starting cleanup of DLQ files in: C:/Users/orlin/Data Processor component/data/dlq
2025-01-25T16:34:03.232+03:00  INFO 22600 --- [scheduling-1] c.e.data_processor.service.DLQConsumer   : DLQ cleanup completed.
2025-01-25T16:34:03.232+03:00  INFO 22600 --- [main] o.s.b.a.b.JobLauncherApplicationRunner   : Running default command line with: []
2025-01-25T16:34:03.234+03:00  INFO 22600 --- [scheduling-1] c.e.d.service.DataProcessorService       : Starting cleanup of temporary files in: C:/Users/orlin/Data Processor component/TempDataLogProcess
2025-01-25T16:34:03.234+03:00  INFO 22600 --- [scheduling-1] c.e.d.service.DataProcessorService       : Cleanup completed.
2025-01-25T16:34:03.234+03:00  INFO 22600 --- [scheduling-1] c.e.d.service.DataProcessorService       : Starting cleanup of DLQ files in: C:/Users/orlin/Data Processor component/data/dlq
2025-01-25T16:34:03.234+03:00  INFO 22600 --- [scheduling-1] c.e.d.service.DataProcessorService       : DLQ cleanup completed.
2025-01-25T16:34:07.809+03:00  INFO 22600 --- [http-nio-8080-exec-1] o.a.c.c.C.[Tomcat].[localhost].[/]       : Initializing Spring DispatcherServlet 'dispatcherServlet'
2025-01-25T16:34:07.809+03:00  INFO 22600 --- [http-nio-8080-exec-1] o.s.web.servlet.DispatcherServlet        : Initializing Servlet 'dispatcherServlet'
2025-01-25T16:34:07.810+03:00  INFO 22600 --- [http-nio-8080-exec-1] o.s.web.servlet.DispatcherServlet        : Completed initialization in 1 ms
2025-01-25T16:34:07.841+03:00  INFO 22600 --- [http-nio-8080-exec-1] c.e.d.service.DataProcessorService       : Processing uploaded file: system_logs.csv
2025-01-25T16:34:07.841+03:00 DEBUG 22600 --- [http-nio-8080-exec-1] c.e.d.service.DataProcessorService       : Saving uploaded file to temporary storage: system_logs.csv
2025-01-25T16:34:07.841+03:00 DEBUG 22600 --- [http-nio-8080-exec-1] c.e.d.service.DataProcessorService       : File saved to temporary location: C:\Users\orlin\Data Processor component\TempDataLogProcess\system_logs.csv
2025-01-25T16:34:07.841+03:00 DEBUG 22600 --- [http-nio-8080-exec-1] c.e.d.service.DataProcessorService       : Temporary file saved at: C:\Users\orlin\Data Processor component\TempDataLogProcess\system_logs.csv
2025-01-25T16:34:07.841+03:00 DEBUG 22600 --- [http-nio-8080-exec-1] c.e.d.service.CSVValidationService       : Validating CSV file: system_logs.csv
2025-01-25T16:34:07.846+03:00 DEBUG 22600 --- [http-nio-8080-exec-1] c.e.d.service.CSVValidationService       : CSV file validation successful.
2025-01-25T16:34:07.846+03:00 DEBUG 22600 --- [http-nio-8080-exec-1] c.e.d.service.CSVTransformationService   : Transforming CSV file: system_logs.csv
2025-01-25T16:34:07.847+03:00 DEBUG 22600 --- [http-nio-8080-exec-1] c.e.d.service.CSVTransformationService   : CSV file transformed successfully: system_logs.csv
2025-01-25T16:34:07.847+03:00 DEBUG 22600 --- [http-nio-8080-exec-1] c.e.d.service.DataProcessorService       : Saving log data to the database. Rows: 50
2025-01-25T16:34:08.041+03:00  INFO 22600 --- [http-nio-8080-exec-1] c.e.d.service.DataProcessorService       : Log data saved to the database. Rows: 50
2025-01-25T16:35:09.980+03:00  INFO 22600 --- [http-nio-8080-exec-6] c.e.d.service.DataProcessorService       : Processing uploaded file: system_logs.csv
2025-01-25T16:35:09.980+03:00 DEBUG 22600 --- [http-nio-8080-exec-6] c.e.d.service.DataProcessorService       : Saving uploaded file to temporary storage: system_logs.csv
2025-01-25T16:35:09.980+03:00 DEBUG 22600 --- [http-nio-8080-exec-6] c.e.d.service.DataProcessorService       : File saved to temporary location: C:\Users\orlin\Data Processor component\TempDataLogProcess\system_logs.csv
2025-01-25T16:35:09.980+03:00 DEBUG 22600 --- [http-nio-8080-exec-6] c.e.d.service.DataProcessorService       : Temporary file saved at: C:\Users\orlin\Data Processor component\TempDataLogProcess\system_logs.csv
2025-01-25T16:35:09.980+03:00 DEBUG 22600 --- [http-nio-8080-exec-6] c.e.d.service.CSVValidationService       : Validating CSV file: system_logs.csv
2025-01-25T16:35:09.982+03:00 DEBUG 22600 --- [http-nio-8080-exec-6] c.e.d.service.CSVValidationService       : CSV file validation successful.
2025-01-25T16:35:09.982+03:00 DEBUG 22600 --- [http-nio-8080-exec-6] c.e.d.service.CSVTransformationService   : Transforming CSV file: system_logs.csv
2025-01-25T16:35:09.982+03:00 DEBUG 22600 --- [http-nio-8080-exec-6] c.e.d.service.CSVTransformationService   : CSV file transformed successfully: system_logs.csv
2025-01-25T16:35:09.982+03:00 DEBUG 22600 --- [http-nio-8080-exec-6] c.e.d.service.DataProcessorService       : Saving log data to the database. Rows: 50
2025-01-25T16:35:10.116+03:00  INFO 22600 --- [http-nio-8080-exec-6] c.e.d.service.DataProcessorService       : Log data saved to the database. Rows: 50
